# Component Architecture Boundary Fixes - Agent 2.3 Completion Report

## Summary
Successfully fixed all component architecture boundary violations identified in the component-architecture-review.md report.

## Changes Made

### 1. Moved MobileMenu.astro
- **From**: `src/components/features/MobileMenu.astro`
- **To**: `src/components/layout/MobileMenu.astro`
- **Reason**: Fixed boundary violation where Header (layout) depended on MobileMenu (features)

### 2. Updated Import Paths
- **File**: `src/components/layout/Header.astro`
- **Changed**: `import MobileMenu from '../features/MobileMenu.astro';`
- **To**: `import MobileMenu from './MobileMenu.astro';`

### 3. Created Missing index.ts Files
Created centralized export files for all component directories:

- `src/components/primitives/index.ts` - Exports Button, Card, Icon, Input + types
- `src/components/layout/index.ts` - Exports Footer, Header, MobileMenu, Section + types  
- `src/components/features/index.ts` - Exports CTA, Companies, FAQ, Features, Hero, Pricing, TestimonialsNew, Video + types
- `src/components/utils/index.ts` - Exports CookieConsent, LoginModal, OptimizedImage + types

## Architecture Validation

### Dependency Hierarchy âœ…
1. **Primitives** â†’ No dependencies (only types)
2. **Layout** â†’ Can depend on primitives only  
3. **Features** â†’ Can depend on primitives and layout
4. **Utils** â†’ Can depend on primitives only

### Boundary Checks âœ…
- Primitives: No boundary violations detected
- Layout: No boundary violations detected  
- Features: Proper dependencies on primitives and layout
- Utils: Proper dependencies on primitives only

### Build Verification âœ…
- `npm run build` completed successfully
- No circular dependencies detected
- All imports resolved correctly

## Files Modified
- `/src/components/layout/Header.astro` - Updated import path
- `/src/components/primitives/index.ts` - Created
- `/src/components/layout/index.ts` - Created  
- `/src/components/features/index.ts` - Created
- `/src/components/utils/index.ts` - Created

## Files Moved
- `MobileMenu.astro` moved from features/ to layout/

## Architecture Standards Compliance
âœ… Component organization follows prescribed structure
âœ… No circular dependencies exist
âœ… Dependency direction follows hierarchy (primitives â† layout â† features, utils â† primitives)
âœ… All components have proper TypeScript interfaces
âœ… Index files created for centralized exports

## Result
The component architecture now fully complies with the documented standards:
- 0 boundary violations (previously 1)
- 0 circular dependencies  
- 19 components properly organized
- 4 index.ts files for export management
- Clean dependency hierarchy maintained

Architecture boundary violations have been completely resolved.

---

ğŸš€ Unified Test Runner - Target: RALPH
==================================================
ğŸŒ Navigated to: http://localhost:4321/ralph-web/ (target: ralph)

ğŸ“‹ Running comprehensive validation...

âœ… Backgrounds: PASSED
ğŸ“± Validating viewport-specific styles...
âœ… ViewportSpecificStyles: PASSED
âœ… Validating checkmark colors...
âœ… CheckmarkColors: PASSED
â“ Validating FAQ interactivity...
âœ… FAQInteractivity: PASSED
ğŸ¨ Validating special section backgrounds...
   âœ… Found special background sections
âœ… SpecialBackgrounds: PASSED
ğŸª Validating cookie consent functionality...
   â„¹ï¸ No dedicated cookie policy link found (may be included in privacy policy)
âœ… CookieConsent: PASSED
âœ… HeroSection: PASSED
âœ… Navigation: PASSED
âœ… TrustIndicators: PASSED
âœ… CompanyLogos: PASSED
âœ… Features: PASSED
âœ… Pricing: PASSED
âœ… Testimonials: PASSED
âœ… FAQ: PASSED
âœ… MobileMenu: PASSED
âœ… Accessibility: PASSED
âœ… Responsive: PASSED
âœ… VisualElements: PASSED
âœ… CookieBanner: PASSED
âœ… MobileLayout: PASSED
âœ… HeaderTransparency: PASSED
ğŸ“ Mobile Menu Measurements:
âŒ MobileMenuPanel: FAILED (8 errors)
   - MOBILE MENU WIDTH: 320px: Reference element not found
   - MOBILE MENU WIDTH: 360px: Reference element not found
   - MOBILE MENU WIDTH: 375px: Reference element not found
   - LAYOUT: Background color mismatch: got rgb(65, 65, 65)
   - CRITICAL: CTA button not found on iPhone SE
   - CRITICAL: CTA button not found on Galaxy S8
   - CRITICAL: CTA button not found on iPhone 8
   - Mobile menu logo: hidden (expected: shown)
ğŸ“± Validating iOS horizontal scroll prevention...
âœ… IOSHorizontalScroll: PASSED
ğŸ—ï¸ Validating structural integrity...
   â„¹ï¸ Skipping CASA certification badge (allowed missing for ralph)
   â„¹ï¸ Skipping Hero video player (allowed missing for ralph)
   â„¹ï¸ Skipping Company logos (allowed missing for ralph)
   âœ… Navigation links: 10 found
   âœ… Primary CTA buttons: 4 found
   âœ… Main hero title: 1 found
   âœ… FAQ items: 15 found
âœ… StructuralIntegrity: PASSED
ğŸ“ Validating layout constraints...
âœ… LayoutConstraints: PASSED
âœ… MobileLayoutConstraintsInternal: PASSED
âš¡ Validating enhanced functional behavior...
   â„¹ï¸ Skipping mobile menu validation (not mobile viewport)
âœ… EnhancedFunctionalBehavior: PASSED
   â„¹ï¸ Skipping mobile menu validation (not mobile viewport)
âœ… EnhancedMobileMenuInternal: PASSED
âŒ EnhancedFAQInternal: FAILED (1 errors)
   - FAQ interaction error: Node is either not clickable or not an Element
   â„¹ï¸ Skipping mobile layout validation (not mobile viewport)
âœ… MobileLayoutConstraints: PASSED
âœ… ElementSpacing: PASSED
   â„¹ï¸ Skipping mobile menu validation (not mobile viewport)
âœ… EnhancedMobileMenu: PASSED
âœ… EnhancedFAQ: PASSED
âŒ MobileMenuStructure: ERROR - No element found for selector: div.d-block.d-lg-none

ğŸ”§ Testing interactive elements...

âœ… Mobile Menu Toggle: PASSED
âŒ Hover States: FAILED (1 errors)
   - Hover test failed: Node is either not clickable or not an Element
âŒ FAQ Accordion: ERROR - Node is either not clickable or not an Element
ğŸ“± Testing iOS horizontal swipe behavior...
âœ… iOS Horizontal Swipe: PASSED

==================================================
ğŸ”¬ COMPREHENSIVE PROPERTY TESTING
==================================================
Testing ALL CSS properties on ALL elements...


ğŸš€ Starting Comprehensive Property-Level Validation

This tests EVERY individual CSS property on EVERY element

ğŸ§ª Testing all CSS properties for every element...

ğŸ“‹ Testing body (body)
  âœ… body: 117 properties PASSED
ğŸ“‹ Testing main (main)
  âœ… main: 117 properties PASSED
ğŸ“‹ Testing header (header)
  âœ… header: 117 properties PASSED
ğŸ“‹ Testing footer (footer)
  âœ… footer: 117 properties PASSED
ğŸ“‹ Testing heroTitle (h1)
  âœ… heroTitle: 117 properties PASSED
ğŸ“‹ Testing heroSubtitle (h1 + p)
  âœ… heroSubtitle: 117 properties PASSED
ğŸ“‹ Testing sectionTitles (h2.heading-2)
  âœ… sectionTitles: 117 properties PASSED
ğŸ“‹ Testing pricingTitle (h2.heading-2)
  âœ… pricingTitle: 117 properties PASSED
ğŸ“‹ Testing faqTitle (h2.heading-2)
  âœ… faqTitle: 117 properties PASSED
ğŸ“‹ Testing pricingCards (.card)
  âœ… pricingCards: 117 properties PASSED
ğŸ“‹ Testing headingLevel3 (h3)
  âœ… headingLevel3: 117 properties PASSED
ğŸ“‹ Testing paragraphs (p)
  âœ… paragraphs: 117 properties PASSED
ğŸ“‹ Testing spans (span)
  âœ… spans: 117 properties PASSED
ğŸ“‹ Testing ctaButton (button.btn-primary)
  âœ… ctaButton: 117 properties PASSED
ğŸ“‹ Testing buttons (button)
  âœ… buttons: 117 properties PASSED
ğŸ“‹ Testing navLinks (nav a)
  âœ… navLinks: 117 properties PASSED
ğŸ“‹ Testing footerLinks (footer a)
  âœ… footerLinks: 117 properties PASSED
ğŸ“‹ Testing links (a)
  âœ… links: 117 properties PASSED
ğŸ“‹ Testing casaBadge (.badge-certification)
  âŒ casaBadge: 1 property failures
     - Element not found: casaBadge (.badge-certification)
ğŸ“‹ Testing icons (svg)
  âœ… icons: 117 properties PASSED
ğŸ“‹ Testing navigation (nav)
  âœ… navigation: 117 properties PASSED
ğŸ“‹ Testing divs (div)
  âœ… divs: 117 properties PASSED

ğŸ“± Testing responsive property variations...
ğŸ“± Testing mobile (375x667)
ğŸ“± Testing tablet (768x1024)
ğŸ“± Testing desktop (1200x800)

ğŸ¯ Testing interactive state properties...
ğŸ¯ Testing interactive states for ctaButton
ğŸ¯ Testing interactive states for navLinks
ğŸ¯ Testing interactive states for footerLinks

ğŸ“Š COMPREHENSIVE PROPERTY VALIDATION SUMMARY
=============================================
Total CSS properties tracked: 117
Total properties tested: 2458
Total property errors: 1
Property-level pass rate: 100.0%
Base elements tested: 22
Responsive viewports: 3 (mobile, tablet, desktop)
Interactive states tested: hover, focus, active

ğŸ‰ EXCELLENT! 95%+ property-level validation achieved!

ğŸ“Š Property Test Final Summary:
Total Properties Tested: 2458
Total Property Errors: 1
Property-Level Pass Rate: 100.0%

==================================================
ğŸ“Š COMPLETE TEST SUMMARY
==================================================
Target: RALPH

Element Tests:
  Passed: 33
  Failed: 5
  Success Rate: 86.8%

Property Tests:
  Total Tested: 2458
  Errors: 1
  Success Rate: 100.0%

âŒ Failed Sections:
   - MobileMenuPanel
   - EnhancedFAQInternal
   - MobileMenuStructure
   - Hover States
   - FAQ Accordion
